************************************************************************
Not in type system
 - Format
 - LedInfo::Led::
 - RingBuffer
 - SerialPort
 - anonymous struct at /usr/include/stdlib.h:58
 - anonymous struct at /usr/include/stdlib.h:66
 - anonymous struct at /usr/include/stdlib.h:76
 - drand48_data
 - random_data
 - tsqueue
************************************************************************

************************************************************************
Generation disabled by type system
 - LatencyCheck
 - Packet
 - PacketHandler
************************************************************************

************************************************************************
Type redefined to not be a class
************************************************************************

************************************************************************
Unmatched argument type
************************************************************************

************************************************************************
Unmatched return type
************************************************************************

************************************************************************
Incompatible API
************************************************************************

************************************************************************
Deprecated
************************************************************************

